[00:32:44] [Server thread/INFO]: Starting minecraft server version 1.12
[00:32:44] [Server thread/INFO]: Loading properties
[00:32:44] [Server thread/INFO]: Default game type: CREATIVE
[00:32:44] [Server thread/INFO]: Generating keypair
[00:32:44] [Server thread/INFO]: Starting Minecraft server on *:25565
[00:32:44] [Server thread/INFO]: Using default channel type
[00:32:44] [Server thread/INFO]: This server is running CraftBukkit version git-Bukkit-ed8c725 (MC: 1.12) (Implementing API version 1.12-R0.1-SNAPSHOT)
[00:32:44] [Server thread/INFO]: [RaspberryJuice] Loading RaspberryJuice v1.10
[00:32:44] [Server thread/WARN]: **** SERVER IS RUNNING IN OFFLINE/INSECURE MODE!
[00:32:44] [Server thread/WARN]: The server will make no attempt to authenticate usernames. Beware.
[00:32:44] [Server thread/WARN]: While this makes the game possible to play without internet access, it also opens up the ability for hackers to connect with any username they choose.
[00:32:44] [Server thread/WARN]: To change this, set "online-mode" to "true" in the server.properties file.
[00:32:44] [Server thread/INFO]: Preparing level "world"
[00:32:44] [Server thread/WARN]: Unable to find spawn biome
[00:32:45] [Server thread/INFO]: Preparing start region for level 0 (Seed: 5591687831607002849)
[00:32:46] [Server thread/INFO]: Preparing spawn area: 14%
[00:32:47] [Server thread/INFO]: Preparing spawn area: 28%
[00:32:48] [Server thread/INFO]: Preparing spawn area: 44%
[00:32:49] [Server thread/INFO]: Preparing spawn area: 66%
[00:32:50] [Server thread/INFO]: Preparing spawn area: 91%
[00:32:50] [Server thread/INFO]: Preparing start region for level 1 (Seed: 5591687831607002849)
[00:32:51] [Server thread/INFO]: Preparing spawn area: 23%
[00:32:52] [Server thread/INFO]: Preparing spawn area: 47%
[00:32:53] [Server thread/INFO]: Preparing spawn area: 74%
[00:32:54] [Server thread/INFO]: Preparing spawn area: 96%
[00:32:54] [Server thread/INFO]: Preparing start region for level 2 (Seed: 5591687831607002849)
[00:32:55] [Server thread/INFO]: Preparing spawn area: 73%
[00:32:56] [Server thread/INFO]: [RaspberryJuice] Enabling RaspberryJuice v1.10
[00:32:56] [Server thread/INFO]: [RaspberryJuice] Using port 4711
[00:32:56] [Server thread/INFO]: [RaspberryJuice] Using ABSOLUTE locations
[00:32:56] [Server thread/INFO]: [RaspberryJuice] Using BOTH clicks for hits
[00:32:56] [Server thread/INFO]: [RaspberryJuice] ThreadListener Started
[00:32:56] [Server thread/INFO]: Server permissions file permissions.yml is empty, ignoring it
[00:32:56] [Server thread/INFO]: Done (11,675s)! For help, type "help" or "?"
